<?xml version="1.0" encoding="UTF-8"?>
<!-- Generated by org.testng.reporters.JUnitXMLReporter -->
<testsuite ignored="1" hostname="NARENDIRAGANESH" failures="0" tests="14" name="Default test" time="210.215" errors="0" timestamp="2025-05-22T15:39:59 IST">
  <testcase classname="com.omrbranch.integrationtesting.GroceryPlaceOrder" name="login" time="3.713"/>
  <testcase classname="com.omrbranch.integrationtesting.GroceryPlaceOrder" name="searchProduct" time="1.225"/>
  <testcase classname="com.omrbranch.integrationtesting.GroceryPlaceOrder" name="selectProduct" time="2.738"/>
  <testcase classname="com.omrbranch.integrationtesting.GroceryPlaceOrder" name="myCart" time="190.822"/>
  <testcase classname="com.omrbranch.integrationtesting.GroceryPlaceOrder" name="logOutUI" time="0.204"/>
  <testcase classname="com.omrbranch.integrationtesting.GroceryPlaceOrder" name="postmanBasicAuthLogin" time="2.259"/>
  <testcase classname="com.omrbranch.integrationtesting.GroceryPlaceOrder" name="getAllOrders" time="0.449"/>
  <testcase classname="com.omrbranch.integrationtesting.GroceryPlaceOrder" name="getOrderDetails" time="0.398"/>
  <testcase classname="com.omrbranch.integrationtesting.GroceryPlaceOrder" name="getOrderStatus" time="0.477"/>
  <testcase classname="com.omrbranch.integrationtesting.GroceryPlaceOrder" name="getOrderItemStatus" time="0.384"/>
  <testcase classname="com.omrbranch.integrationtesting.GroceryPlaceOrder" name="trackOrder" time="0.01"/>
  <testcase classname="com.omrbranch.integrationtesting.GroceryPlaceOrder" name="cancelOrder" time="0.79"/>
  <testcase classname="com.omrbranch.integrationtesting.GroceryPlaceOrder" name="clearCart" time="0.329"/>
  <testcase classname="com.omrbranch.integrationtesting.GroceryPlaceOrder" name="logout" time="0.466"/>
  <testcase classname="com.omrbranch.integrationtesting.GroceryPlaceOrder" name="getOrderId" time="0.0">
    <ignored/>
  </testcase> <!-- getOrderId -->
</testsuite> <!-- Default test -->
