<?xml version="1.0" encoding="UTF-8"?>
<!-- Generated by org.testng.reporters.JUnitXMLReporter -->
<testsuite ignored="0" hostname="NARENDIRAGANESH" failures="0" tests="9" name="Test" time="7.206" errors="0" timestamp="2025-05-15T17:04:22 IST">
  <testcase classname="com.omrbranch.day6.Day6_U0602" name="postmanBasicAuthLogin" time="2.549"/>
  <testcase classname="com.omrbranch.day6.Day6_U0602" name="stateList" time="0.406"/>
  <testcase classname="com.omrbranch.day6.Day6_U0602" name="cityList" time="0.725"/>
  <testcase classname="com.omrbranch.day6.Day6_U0602" name="addUserAddress" time="0.536"/>
  <testcase classname="com.omrbranch.day6.Day6_U0602" name="updateUserAddress" time="0.473"/>
  <testcase classname="com.omrbranch.day6.Day6_U0602" name="getUserAddress" time="0.642"/>
  <testcase classname="com.omrbranch.day6.Day6_U0602" name="deleteAddress" time="0.745"/>
  <testcase classname="com.omrbranch.day6.Day8_U0801" name="postmanBasicAuthLogin" time="0.754"/>
  <testcase classname="com.omrbranch.day6.Day8_U0801" name="logout" time="0.332"/>
</testsuite> <!-- Test -->
