<?xml version="1.0" encoding="UTF-8"?>
<testng-results ignored="1" total="15" passed="14" failed="0" skipped="0">
  <reporter-output>
  </reporter-output>
  <suite started-at="2025-05-22T15:36:29 IST" name="Default suite" finished-at="2025-05-22T15:39:59 IST" duration-ms="210215">
    <groups>
    </groups>
    <test started-at="2025-05-22T15:36:29 IST" name="Default test" finished-at="2025-05-22T15:39:59 IST" duration-ms="210215">
      <class name="com.omrbranch.integrationtesting.GroceryPlaceOrder">
        <test-method is-config="true" signature="beforeClass()[pri:0, instance:com.omrbranch.integrationtesting.GroceryPlaceOrder@293a5bf6]" started-at="2025-05-22T15:36:29 IST" name="beforeClass" finished-at="2025-05-22T15:36:35 IST" duration-ms="5886" status="PASS">
          <reporter-output>
          </reporter-output>
        </test-method> <!-- beforeClass -->
        <test-method is-config="true" signature="beforeMethod()[pri:0, instance:com.omrbranch.integrationtesting.GroceryPlaceOrder@293a5bf6]" started-at="2025-05-22T15:36:35 IST" name="beforeMethod" finished-at="2025-05-22T15:36:35 IST" duration-ms="0" status="PASS">
          <reporter-output>
          </reporter-output>
        </test-method> <!-- beforeMethod -->
        <test-method signature="login()[pri:1, instance:com.omrbranch.integrationtesting.GroceryPlaceOrder@293a5bf6]" started-at="2025-05-22T15:36:35 IST" name="login" finished-at="2025-05-22T15:36:39 IST" duration-ms="3713" status="PASS">
          <reporter-output>
          </reporter-output>
        </test-method> <!-- login -->
        <test-method is-config="true" signature="afterMethod()[pri:0, instance:com.omrbranch.integrationtesting.GroceryPlaceOrder@293a5bf6]" started-at="2025-05-22T15:36:39 IST" name="afterMethod" finished-at="2025-05-22T15:36:39 IST" duration-ms="0" status="PASS">
          <reporter-output>
          </reporter-output>
        </test-method> <!-- afterMethod -->
        <test-method signature="searchProduct()[pri:2, instance:com.omrbranch.integrationtesting.GroceryPlaceOrder@293a5bf6]" started-at="2025-05-22T15:36:39 IST" name="searchProduct" finished-at="2025-05-22T15:36:40 IST" duration-ms="1225" status="PASS">
          <reporter-output>
          </reporter-output>
        </test-method> <!-- searchProduct -->
        <test-method is-config="true" signature="beforeMethod()[pri:0, instance:com.omrbranch.integrationtesting.GroceryPlaceOrder@293a5bf6]" started-at="2025-05-22T15:36:39 IST" name="beforeMethod" finished-at="2025-05-22T15:36:39 IST" duration-ms="0" status="PASS">
          <reporter-output>
          </reporter-output>
        </test-method> <!-- beforeMethod -->
        <test-method is-config="true" signature="afterMethod()[pri:0, instance:com.omrbranch.integrationtesting.GroceryPlaceOrder@293a5bf6]" started-at="2025-05-22T15:36:40 IST" name="afterMethod" finished-at="2025-05-22T15:36:40 IST" duration-ms="0" status="PASS">
          <reporter-output>
          </reporter-output>
        </test-method> <!-- afterMethod -->
        <test-method signature="selectProduct()[pri:3, instance:com.omrbranch.integrationtesting.GroceryPlaceOrder@293a5bf6]" started-at="2025-05-22T15:36:40 IST" name="selectProduct" finished-at="2025-05-22T15:36:43 IST" duration-ms="2738" status="PASS">
          <reporter-output>
          </reporter-output>
        </test-method> <!-- selectProduct -->
        <test-method is-config="true" signature="beforeMethod()[pri:0, instance:com.omrbranch.integrationtesting.GroceryPlaceOrder@293a5bf6]" started-at="2025-05-22T15:36:40 IST" name="beforeMethod" finished-at="2025-05-22T15:36:40 IST" duration-ms="0" status="PASS">
          <reporter-output>
          </reporter-output>
        </test-method> <!-- beforeMethod -->
        <test-method is-config="true" signature="afterMethod()[pri:0, instance:com.omrbranch.integrationtesting.GroceryPlaceOrder@293a5bf6]" started-at="2025-05-22T15:36:43 IST" name="afterMethod" finished-at="2025-05-22T15:36:43 IST" duration-ms="0" status="PASS">
          <reporter-output>
          </reporter-output>
        </test-method> <!-- afterMethod -->
        <test-method is-config="true" signature="beforeMethod()[pri:0, instance:com.omrbranch.integrationtesting.GroceryPlaceOrder@293a5bf6]" started-at="2025-05-22T15:36:43 IST" name="beforeMethod" finished-at="2025-05-22T15:36:43 IST" duration-ms="0" status="PASS">
          <reporter-output>
          </reporter-output>
        </test-method> <!-- beforeMethod -->
        <test-method signature="myCart()[pri:4, instance:com.omrbranch.integrationtesting.GroceryPlaceOrder@293a5bf6]" started-at="2025-05-22T15:36:43 IST" name="myCart" finished-at="2025-05-22T15:39:54 IST" duration-ms="190822" status="PASS">
          <reporter-output>
          </reporter-output>
        </test-method> <!-- myCart -->
        <test-method is-config="true" signature="afterMethod()[pri:0, instance:com.omrbranch.integrationtesting.GroceryPlaceOrder@293a5bf6]" started-at="2025-05-22T15:39:54 IST" name="afterMethod" finished-at="2025-05-22T15:39:54 IST" duration-ms="1" status="PASS">
          <reporter-output>
          </reporter-output>
        </test-method> <!-- afterMethod -->
        <test-method signature="logOutUI()[pri:6, instance:com.omrbranch.integrationtesting.GroceryPlaceOrder@293a5bf6]" started-at="2025-05-22T15:39:54 IST" name="logOutUI" finished-at="2025-05-22T15:39:54 IST" duration-ms="204" status="PASS">
          <reporter-output>
          </reporter-output>
        </test-method> <!-- logOutUI -->
        <test-method is-config="true" signature="beforeMethod()[pri:0, instance:com.omrbranch.integrationtesting.GroceryPlaceOrder@293a5bf6]" started-at="2025-05-22T15:39:54 IST" name="beforeMethod" finished-at="2025-05-22T15:39:54 IST" duration-ms="0" status="PASS">
          <reporter-output>
          </reporter-output>
        </test-method> <!-- beforeMethod -->
        <test-method is-config="true" signature="afterMethod()[pri:0, instance:com.omrbranch.integrationtesting.GroceryPlaceOrder@293a5bf6]" started-at="2025-05-22T15:39:54 IST" name="afterMethod" finished-at="2025-05-22T15:39:54 IST" duration-ms="0" status="PASS">
          <reporter-output>
          </reporter-output>
        </test-method> <!-- afterMethod -->
        <test-method is-config="true" signature="beforeMethod()[pri:0, instance:com.omrbranch.integrationtesting.GroceryPlaceOrder@293a5bf6]" started-at="2025-05-22T15:39:54 IST" name="beforeMethod" finished-at="2025-05-22T15:39:54 IST" duration-ms="0" status="PASS">
          <reporter-output>
          </reporter-output>
        </test-method> <!-- beforeMethod -->
        <test-method signature="postmanBasicAuthLogin()[pri:7, instance:com.omrbranch.integrationtesting.GroceryPlaceOrder@293a5bf6]" started-at="2025-05-22T15:39:54 IST" name="postmanBasicAuthLogin" finished-at="2025-05-22T15:39:56 IST" duration-ms="2259" status="PASS">
          <reporter-output>
          </reporter-output>
        </test-method> <!-- postmanBasicAuthLogin -->
        <test-method signature="getAllOrders()[pri:8, instance:com.omrbranch.integrationtesting.GroceryPlaceOrder@293a5bf6]" started-at="2025-05-22T15:39:56 IST" name="getAllOrders" finished-at="2025-05-22T15:39:57 IST" duration-ms="449" status="PASS">
          <reporter-output>
          </reporter-output>
        </test-method> <!-- getAllOrders -->
        <test-method is-config="true" signature="afterMethod()[pri:0, instance:com.omrbranch.integrationtesting.GroceryPlaceOrder@293a5bf6]" started-at="2025-05-22T15:39:56 IST" name="afterMethod" finished-at="2025-05-22T15:39:56 IST" duration-ms="0" status="PASS">
          <reporter-output>
          </reporter-output>
        </test-method> <!-- afterMethod -->
        <test-method is-config="true" signature="beforeMethod()[pri:0, instance:com.omrbranch.integrationtesting.GroceryPlaceOrder@293a5bf6]" started-at="2025-05-22T15:39:56 IST" name="beforeMethod" finished-at="2025-05-22T15:39:56 IST" duration-ms="0" status="PASS">
          <reporter-output>
          </reporter-output>
        </test-method> <!-- beforeMethod -->
        <test-method is-config="true" signature="afterMethod()[pri:0, instance:com.omrbranch.integrationtesting.GroceryPlaceOrder@293a5bf6]" started-at="2025-05-22T15:39:57 IST" name="afterMethod" finished-at="2025-05-22T15:39:57 IST" duration-ms="0" status="PASS">
          <reporter-output>
          </reporter-output>
        </test-method> <!-- afterMethod -->
        <test-method is-config="true" signature="beforeMethod()[pri:0, instance:com.omrbranch.integrationtesting.GroceryPlaceOrder@293a5bf6]" started-at="2025-05-22T15:39:57 IST" name="beforeMethod" finished-at="2025-05-22T15:39:57 IST" duration-ms="0" status="PASS">
          <reporter-output>
          </reporter-output>
        </test-method> <!-- beforeMethod -->
        <test-method signature="getOrderDetails()[pri:9, instance:com.omrbranch.integrationtesting.GroceryPlaceOrder@293a5bf6]" started-at="2025-05-22T15:39:57 IST" name="getOrderDetails" finished-at="2025-05-22T15:39:57 IST" duration-ms="398" status="PASS">
          <reporter-output>
          </reporter-output>
        </test-method> <!-- getOrderDetails -->
        <test-method is-config="true" signature="afterMethod()[pri:0, instance:com.omrbranch.integrationtesting.GroceryPlaceOrder@293a5bf6]" started-at="2025-05-22T15:39:57 IST" name="afterMethod" finished-at="2025-05-22T15:39:57 IST" duration-ms="0" status="PASS">
          <reporter-output>
          </reporter-output>
        </test-method> <!-- afterMethod -->
        <test-method is-config="true" signature="beforeMethod()[pri:0, instance:com.omrbranch.integrationtesting.GroceryPlaceOrder@293a5bf6]" started-at="2025-05-22T15:39:57 IST" name="beforeMethod" finished-at="2025-05-22T15:39:57 IST" duration-ms="0" status="PASS">
          <reporter-output>
          </reporter-output>
        </test-method> <!-- beforeMethod -->
        <test-method signature="getOrderStatus()[pri:10, instance:com.omrbranch.integrationtesting.GroceryPlaceOrder@293a5bf6]" started-at="2025-05-22T15:39:57 IST" name="getOrderStatus" finished-at="2025-05-22T15:39:57 IST" duration-ms="477" status="PASS">
          <reporter-output>
          </reporter-output>
        </test-method> <!-- getOrderStatus -->
        <test-method is-config="true" signature="afterMethod()[pri:0, instance:com.omrbranch.integrationtesting.GroceryPlaceOrder@293a5bf6]" started-at="2025-05-22T15:39:57 IST" name="afterMethod" finished-at="2025-05-22T15:39:57 IST" duration-ms="1" status="PASS">
          <reporter-output>
          </reporter-output>
        </test-method> <!-- afterMethod -->
        <test-method signature="getOrderItemStatus()[pri:11, instance:com.omrbranch.integrationtesting.GroceryPlaceOrder@293a5bf6]" started-at="2025-05-22T15:39:57 IST" name="getOrderItemStatus" finished-at="2025-05-22T15:39:58 IST" duration-ms="384" status="PASS">
          <reporter-output>
          </reporter-output>
        </test-method> <!-- getOrderItemStatus -->
        <test-method is-config="true" signature="beforeMethod()[pri:0, instance:com.omrbranch.integrationtesting.GroceryPlaceOrder@293a5bf6]" started-at="2025-05-22T15:39:57 IST" name="beforeMethod" finished-at="2025-05-22T15:39:57 IST" duration-ms="0" status="PASS">
          <reporter-output>
          </reporter-output>
        </test-method> <!-- beforeMethod -->
        <test-method is-config="true" signature="afterMethod()[pri:0, instance:com.omrbranch.integrationtesting.GroceryPlaceOrder@293a5bf6]" started-at="2025-05-22T15:39:58 IST" name="afterMethod" finished-at="2025-05-22T15:39:58 IST" duration-ms="0" status="PASS">
          <reporter-output>
          </reporter-output>
        </test-method> <!-- afterMethod -->
        <test-method signature="trackOrder()[pri:12, instance:com.omrbranch.integrationtesting.GroceryPlaceOrder@293a5bf6]" started-at="2025-05-22T15:39:58 IST" name="trackOrder" finished-at="2025-05-22T15:39:58 IST" duration-ms="10" status="PASS">
          <reporter-output>
          </reporter-output>
        </test-method> <!-- trackOrder -->
        <test-method is-config="true" signature="beforeMethod()[pri:0, instance:com.omrbranch.integrationtesting.GroceryPlaceOrder@293a5bf6]" started-at="2025-05-22T15:39:58 IST" name="beforeMethod" finished-at="2025-05-22T15:39:58 IST" duration-ms="0" status="PASS">
          <reporter-output>
          </reporter-output>
        </test-method> <!-- beforeMethod -->
        <test-method is-config="true" signature="afterMethod()[pri:0, instance:com.omrbranch.integrationtesting.GroceryPlaceOrder@293a5bf6]" started-at="2025-05-22T15:39:58 IST" name="afterMethod" finished-at="2025-05-22T15:39:58 IST" duration-ms="1" status="PASS">
          <reporter-output>
          </reporter-output>
        </test-method> <!-- afterMethod -->
        <test-method is-config="true" signature="beforeMethod()[pri:0, instance:com.omrbranch.integrationtesting.GroceryPlaceOrder@293a5bf6]" started-at="2025-05-22T15:39:58 IST" name="beforeMethod" finished-at="2025-05-22T15:39:58 IST" duration-ms="0" status="PASS">
          <reporter-output>
          </reporter-output>
        </test-method> <!-- beforeMethod -->
        <test-method signature="cancelOrder()[pri:13, instance:com.omrbranch.integrationtesting.GroceryPlaceOrder@293a5bf6]" started-at="2025-05-22T15:39:58 IST" name="cancelOrder" finished-at="2025-05-22T15:39:59 IST" duration-ms="790" status="PASS">
          <reporter-output>
          </reporter-output>
        </test-method> <!-- cancelOrder -->
        <test-method is-config="true" signature="afterMethod()[pri:0, instance:com.omrbranch.integrationtesting.GroceryPlaceOrder@293a5bf6]" started-at="2025-05-22T15:39:59 IST" name="afterMethod" finished-at="2025-05-22T15:39:59 IST" duration-ms="0" status="PASS">
          <reporter-output>
          </reporter-output>
        </test-method> <!-- afterMethod -->
        <test-method signature="clearCart()[pri:14, instance:com.omrbranch.integrationtesting.GroceryPlaceOrder@293a5bf6]" started-at="2025-05-22T15:39:59 IST" name="clearCart" finished-at="2025-05-22T15:39:59 IST" duration-ms="329" status="PASS">
          <reporter-output>
          </reporter-output>
        </test-method> <!-- clearCart -->
        <test-method is-config="true" signature="beforeMethod()[pri:0, instance:com.omrbranch.integrationtesting.GroceryPlaceOrder@293a5bf6]" started-at="2025-05-22T15:39:59 IST" name="beforeMethod" finished-at="2025-05-22T15:39:59 IST" duration-ms="0" status="PASS">
          <reporter-output>
          </reporter-output>
        </test-method> <!-- beforeMethod -->
        <test-method is-config="true" signature="afterMethod()[pri:0, instance:com.omrbranch.integrationtesting.GroceryPlaceOrder@293a5bf6]" started-at="2025-05-22T15:39:59 IST" name="afterMethod" finished-at="2025-05-22T15:39:59 IST" duration-ms="0" status="PASS">
          <reporter-output>
          </reporter-output>
        </test-method> <!-- afterMethod -->
        <test-method is-config="true" signature="beforeMethod()[pri:0, instance:com.omrbranch.integrationtesting.GroceryPlaceOrder@293a5bf6]" started-at="2025-05-22T15:39:59 IST" name="beforeMethod" finished-at="2025-05-22T15:39:59 IST" duration-ms="0" status="PASS">
          <reporter-output>
          </reporter-output>
        </test-method> <!-- beforeMethod -->
        <test-method signature="logout()[pri:15, instance:com.omrbranch.integrationtesting.GroceryPlaceOrder@293a5bf6]" started-at="2025-05-22T15:39:59 IST" name="logout" finished-at="2025-05-22T15:39:59 IST" duration-ms="466" status="PASS">
          <reporter-output>
          </reporter-output>
        </test-method> <!-- logout -->
        <test-method is-config="true" signature="afterMethod()[pri:0, instance:com.omrbranch.integrationtesting.GroceryPlaceOrder@293a5bf6]" started-at="2025-05-22T15:39:59 IST" name="afterMethod" finished-at="2025-05-22T15:39:59 IST" duration-ms="0" status="PASS">
          <reporter-output>
          </reporter-output>
        </test-method> <!-- afterMethod -->
      </class> <!-- com.omrbranch.integrationtesting.GroceryPlaceOrder -->
    </test> <!-- Default test -->
  </suite> <!-- Default suite -->
</testng-results>
